<?xml version="1.0" encoding="UTF-8"?>
<!-- Generated by org.testng.reporters.JUnitReportReporter -->
<testsuite hostname="DESKTOP-H860JCM" failures="0" tests="1" name="OpeninappWebAutomation.AllSitesIntents" time="47.477" errors="0" timestamp="2023-06-12T17:35:04 IST" skipped="0">
  <testcase classname="OpeninappWebAutomation.AllSitesIntents" name="LinksToBeTested" time="47.477"/>
  <system-out/>
</testsuite> <!-- OpeninappWebAutomation.AllSitesIntents -->
