<?xml version="1.0" encoding="UTF-8"?>
<!-- Generated by org.testng.reporters.JUnitReportReporter -->
<testsuite hostname="DESKTOP-H860JCM" failures="0" tests="1" name="InstagramCheck.Instagram" time="17.346" errors="0" timestamp="2023-04-06T19:21:02 IST" skipped="0">
  <testcase classname="InstagramCheck.Instagram" name="InstagramCheck" time="17.346"/>
  <system-out/>
</testsuite> <!-- InstagramCheck.Instagram -->
