<?xml version="1.0" encoding="UTF-8"?>
<!-- Generated by org.testng.reporters.JUnitReportReporter -->
<testsuite hostname="DESKTOP-H860JCM" failures="0" tests="1" name="OpeninappWebAutomation.ExampleOpeninapp" time="20.113" errors="0" timestamp="2023-07-17T20:07:41 IST" skipped="0">
  <testcase classname="OpeninappWebAutomation.ExampleOpeninapp" name="Example" time="20.113"/>
  <system-out/>
</testsuite> <!-- OpeninappWebAutomation.ExampleOpeninapp -->
