<?xml version="1.0" encoding="UTF-8"?>
<!-- Generated by org.testng.reporters.JUnitReportReporter -->
<testsuite hostname="DESKTOP-H860JCM" failures="0" tests="1" name="InstagramCheck.InstagramClickCheck" time="47.649" errors="0" timestamp="2023-06-07T19:41:38 IST" skipped="0">
  <testcase classname="InstagramCheck.InstagramClickCheck" name="InstagramValidate" time="47.649"/>
  <system-out/>
</testsuite> <!-- InstagramCheck.InstagramClickCheck -->
