<?xml version="1.0" encoding="UTF-8"?>
<!-- Generated by org.testng.reporters.JUnitReportReporter -->
<testsuite hostname="DESKTOP-H860JCM" failures="0" tests="1" name="InstagramCheck.CheckTryNowBackPage" time="154.923" errors="0" timestamp="2023-06-06T14:21:25 IST" skipped="0">
  <testcase classname="InstagramCheck.CheckTryNowBackPage" name="InstagramValidate" time="154.923"/>
  <system-out/>
</testsuite> <!-- InstagramCheck.CheckTryNowBackPage -->
