<?xml version="1.0" encoding="UTF-8"?>
<!-- Generated by org.testng.reporters.JUnitReportReporter -->
<testsuite hostname="DESKTOP-H860JCM" failures="0" tests="1" name="InstagramCheck.CheckTryNowBackPageStaging" time="781.226" errors="0" timestamp="2023-06-06T14:45:10 IST" skipped="0">
  <testcase classname="InstagramCheck.CheckTryNowBackPageStaging" name="InstagramValidate" time="781.226"/>
  <system-out/>
</testsuite> <!-- InstagramCheck.CheckTryNowBackPageStaging -->
