<?xml version="1.0" encoding="UTF-8"?>
<!-- Generated by org.testng.reporters.JUnitReportReporter -->
<testsuite hostname="DESKTOP-H860JCM" failures="0" tests="1" name="InstagramCheck.RedirectionTesting" time="13.944" errors="0" timestamp="2023-06-08T14:19:12 IST" skipped="0">
  <testcase classname="InstagramCheck.RedirectionTesting" name="OpenChrome" time="13.944"/>
  <system-out/>
</testsuite> <!-- InstagramCheck.RedirectionTesting -->
