<?xml version="1.0" encoding="UTF-8"?>
<!-- Generated by org.testng.reporters.JUnitReportReporter -->
<testsuite hostname="DESKTOP-H860JCM" failures="0" tests="1" name="OpeninappWebAutomation.OpeninappMobile" time="28.818" errors="0" timestamp="2023-07-18T20:00:12 IST" skipped="0">
  <testcase classname="OpeninappWebAutomation.OpeninappMobile" name="Openianpp" time="28.818"/>
  <system-out/>
</testsuite> <!-- OpeninappWebAutomation.OpeninappMobile -->
