<?xml version="1.0" encoding="UTF-8"?>
<!-- Generated by org.testng.reporters.JUnitReportReporter -->
<testsuite hostname="DESKTOP-H860JCM" failures="0" tests="1" name="BrowserStackCheck.BrowserStackAutomate" time="51.952" errors="0" timestamp="2023-04-27T18:52:13 IST" skipped="0">
  <testcase classname="BrowserStackCheck.BrowserStackAutomate" name="AutomateInBrowserStack" time="51.952"/>
  <system-out/>
</testsuite> <!-- BrowserStackCheck.BrowserStackAutomate -->
