<?xml version="1.0" encoding="UTF-8"?>
<!-- Generated by org.testng.reporters.JUnitReportReporter -->
<testsuite hostname="DESKTOP-H860JCM" failures="0" tests="2" name="OpenInAppIntentsForCrossBrowserTesting.CrossBrowserImplementation4" time="17.708" errors="0" timestamp="2023-04-17T17:26:28 IST" skipped="0">
  <testcase classname="OpenInAppIntentsForCrossBrowserTesting.CrossBrowserImplementation4" name="OpenInAppLink4" time="1.975"/>
  <system-out/>
  <testcase classname="OpenInAppIntentsForCrossBrowserTesting.CrossBrowserImplementation4" name="OpenInAppLink4" time="15.733"/>
  <system-out/>
</testsuite> <!-- OpenInAppIntentsForCrossBrowserTesting.CrossBrowserImplementation4 -->
