<?xml version="1.0" encoding="UTF-8"?>
<!-- Generated by org.testng.reporters.JUnitReportReporter -->
<testsuite hostname="DESKTOP-H860JCM" failures="0" tests="1" name="OpenInApp.InstagramOpeninappLink" time="108.047" errors="0" timestamp="2023-06-05T13:05:39 IST" skipped="0">
  <testcase classname="OpenInApp.InstagramOpeninappLink" name="InstagramValidate" time="108.047"/>
  <system-out/>
</testsuite> <!-- OpenInApp.InstagramOpeninappLink -->
