<?xml version="1.0" encoding="UTF-8"?>
<!-- Generated by org.testng.reporters.JUnitReportReporter -->
<testsuite hostname="DESKTOP-H860JCM" failures="0" tests="1" name="OpenInApp.InstagramOpeninappLinkProdRedirectionTesting" time="1348.389" errors="0" timestamp="2023-07-19T15:30:20 IST" skipped="0">
  <testcase classname="OpenInApp.InstagramOpeninappLinkProdRedirectionTesting" name="RedirectionTesting" time="1348.389"/>
  <system-out/>
</testsuite> <!-- OpenInApp.InstagramOpeninappLinkProdRedirectionTesting -->
