<?xml version="1.0" encoding="UTF-8"?>
<!-- Generated by org.testng.reporters.JUnitReportReporter -->
<testsuite hostname="DESKTOP-H860JCM" failures="0" tests="18" name="OpenInApp.CrossBrowserImplementation" time="11.307" errors="0" timestamp="2023-04-17T16:24:02 IST" skipped="0">
  <testcase classname="OpenInApp.CrossBrowserImplementation" name="OpenInAppLink2" time="0.012"/>
  <system-out/>
  <testcase classname="OpenInApp.CrossBrowserImplementation" name="OpenInAppLink9" time="0.011"/>
  <system-out/>
  <testcase classname="OpenInApp.CrossBrowserImplementation" name="OpenInAppLink4" time="0.011"/>
  <system-out/>
  <testcase classname="OpenInApp.CrossBrowserImplementation" name="OpenInAppLink15" time="0.103"/>
  <system-out/>
  <testcase classname="OpenInApp.CrossBrowserImplementation" name="OpenInAppLink8" time="0.041"/>
  <system-out/>
  <testcase classname="OpenInApp.CrossBrowserImplementation" name="OpenInAppLink8" time="0.010"/>
  <system-out/>
  <testcase classname="OpenInApp.CrossBrowserImplementation" name="OpenInAppLink6" time="0.025"/>
  <system-out/>
  <testcase classname="OpenInApp.CrossBrowserImplementation" name="OpenInAppLink7" time="0.059"/>
  <system-out/>
  <testcase classname="OpenInApp.CrossBrowserImplementation" name="OpenInAppLink4" time="0.016"/>
  <system-out/>
  <testcase classname="OpenInApp.CrossBrowserImplementation" name="OpenInAppLink1" time="5.767"/>
  <system-out/>
  <testcase classname="OpenInApp.CrossBrowserImplementation" name="OpenInAppLink2" time="0.010"/>
  <system-out/>
  <testcase classname="OpenInApp.CrossBrowserImplementation" name="OpenInAppLink6" time="0.014"/>
  <system-out/>
  <testcase classname="OpenInApp.CrossBrowserImplementation" name="OpenInAppLink1" time="5.016"/>
  <system-out/>
  <testcase classname="OpenInApp.CrossBrowserImplementation" name="OpenInAppLink3" time="0.019"/>
  <system-out/>
  <testcase classname="OpenInApp.CrossBrowserImplementation" name="OpenInAppLink7" time="0.016"/>
  <system-out/>
  <testcase classname="OpenInApp.CrossBrowserImplementation" name="OpenInAppLink3" time="0.013"/>
  <system-out/>
  <testcase classname="OpenInApp.CrossBrowserImplementation" name="OpenInAppLink9" time="0.019"/>
  <system-out/>
  <testcase classname="OpenInApp.CrossBrowserImplementation" name="OpenInAppLink15" time="0.145"/>
  <system-out/>
</testsuite> <!-- OpenInApp.CrossBrowserImplementation -->
