<?xml version="1.0" encoding="UTF-8"?>
<!-- Generated by org.testng.reporters.JUnitReportReporter -->
<testsuite hostname="DESKTOP-H860JCM" failures="0" tests="1" name="OpenInApp.AllSitesIntents" time="51.791" errors="0" timestamp="2023-06-12T17:32:54 IST" skipped="0">
  <testcase classname="OpenInApp.AllSitesIntents" name="LinksToBeTested" time="51.791"/>
  <system-out/>
</testsuite> <!-- OpenInApp.AllSitesIntents -->
