<?xml version="1.0" encoding="UTF-8"?>
<!-- Generated by org.testng.reporters.JUnitReportReporter -->
<testsuite hostname="DESKTOP-H860JCM" failures="0" tests="1" name="OpenInApp.RedirectionTimeTesting2" time="51.483" errors="0" timestamp="2023-05-03T19:30:36 IST" skipped="0">
  <testcase classname="OpenInApp.RedirectionTimeTesting2" name="InstagramValidate" time="51.483"/>
  <system-out/>
</testsuite> <!-- OpenInApp.RedirectionTimeTesting2 -->
