<?xml version="1.0" encoding="UTF-8"?>
<!-- Generated by org.testng.reporters.JUnitReportReporter -->
<testsuite hostname="DESKTOP-H860JCM" failures="0" tests="1" name="OpenInApp.Timestampcheck" time="0.025" errors="0" timestamp="2023-05-08T13:16:43 IST" skipped="0">
  <testcase classname="OpenInApp.Timestampcheck" name="timestampTime" time="0.025"/>
  <system-out/>
</testsuite> <!-- OpenInApp.Timestampcheck -->
