<?xml version="1.0" encoding="UTF-8"?>
<!-- Generated by org.testng.reporters.JUnitReportReporter -->
<testsuite hostname="DESKTOP-H860JCM" failures="0" tests="1" name="OpenInApp.AllSitesIntents2" time="82.789" errors="0" timestamp="2023-05-11T12:44:46 IST" skipped="0">
  <testcase classname="OpenInApp.AllSitesIntents2" name="LinksToBeTested" time="82.789"/>
  <system-out/>
</testsuite> <!-- OpenInApp.AllSitesIntents2 -->
