<?xml version="1.0" encoding="UTF-8"?>
<!-- Generated by org.testng.reporters.JUnitReportReporter -->
<testsuite hostname="DESKTOP-H860JCM" failures="0" tests="1" name="OpenInApp.LinksToBeTested" time="55.558" errors="0" timestamp="2023-04-10T15:57:42 IST" skipped="0">
  <testcase classname="OpenInApp.LinksToBeTested" name="LinksOfOpenInApp" time="55.558"/>
  <system-out/>
</testsuite> <!-- OpenInApp.LinksToBeTested -->
