<?xml version="1.0" encoding="UTF-8"?>
<!-- Generated by org.testng.reporters.JUnitReportReporter -->
<testsuite hostname="DESKTOP-H860JCM" failures="0" tests="1" name="OpenInApp.InstagramBioBaseURL" time="43.610" errors="0" timestamp="2023-04-25T15:09:16 IST" skipped="0">
  <testcase classname="OpenInApp.InstagramBioBaseURL" name="InstagramValidate" time="43.610"/>
  <system-out/>
</testsuite> <!-- OpenInApp.InstagramBioBaseURL -->
