<?xml version="1.0" encoding="UTF-8"?>
<!-- Generated by org.testng.reporters.JUnitReportReporter -->
<testsuite hostname="DESKTOP-H860JCM" failures="0" tests="1" name="OpenInApp.ScreenShotApi" time="56.452" errors="0" timestamp="2023-05-04T11:36:21 IST" skipped="0">
  <testcase classname="OpenInApp.ScreenShotApi" name="InstagramValidate" time="56.452"/>
  <system-out/>
</testsuite> <!-- OpenInApp.ScreenShotApi -->
