<?xml version="1.0" encoding="UTF-8"?>
<!-- Generated by org.testng.reporters.JUnitReportReporter -->
<testsuite hostname="DESKTOP-H860JCM" failures="0" tests="1" name="SauceLab.SauceLabAutomate" time="122.627" errors="1" timestamp="2023-04-27T19:08:43 IST" skipped="0">
  <testcase classname="SauceLab.SauceLabAutomate" name="AutomateInBrowserStack" time="122.627">
    <error message="no such element: Unable to locate element: {&quot;method&quot;:&quot;xpath&quot;,&quot;selector&quot;:&quot;/hierarchy/android.widget.FrameLayout/android.widget.LinearLayout/android.widget.FrameLayout/android.widget.LinearLayout/android.widget.FrameLayout/android.view.ViewGroup/android.widget.FrameLayout/android.widget.FrameLayout/android.widget.FrameLayout/android.widget.FrameLayout[1]/android.view.ViewGroup/android.view.ViewGroup/android.view.ViewGroup/android.view.ViewGroup/android.view.ViewGroup/android.view.ViewGroup[1]/android.view.ViewGroup/android.view.ViewGroup/android.view.ViewGroup/android.widget.EditText&quot;}
  (Session info: chrome=112.0.5615.136)
  (Driver info: chromedriver=112.0.5615.49 (bd2a7bcb881c11e8cfe3078709382934e3916914-refs/branch-heads/5615@{#936}),platform=Linux 4.15.0-136-generic x86_64) (WARNING: The server did not provide any stacktrace information)
Command duration or timeout: 358 milliseconds
For documentation on this error, please visit: http://seleniumhq.org/exceptions/no_such_element.html
Build info: version: &#039;2.53.0&#039;, revision: &#039;35ae25b1534ae328c771e0856c93e187490ca824&#039;, time: &#039;2016-03-15 10:43:46&#039;
System info: host: &#039;DESKTOP-H860JCM&#039;, ip: &#039;192.168.1.242&#039;, os.name: &#039;Windows 10&#039;, os.arch: &#039;amd64&#039;, os.version: &#039;10.0&#039;, java.version: &#039;17.0.6&#039;
Driver info: io.appium.java_client.android.AndroidDriver
Capabilities [{appPackage=com.android.chrome, chromedriverPorts=[[26080, 26090]], testobject_test_report_url=https://app.eu-central-1.saucelabs.com/tests/4bbf1dcdce224c809001da29b609cbd4, appium:automationName=UiAutomator2, deviceName=10.102.48.19:16015, sauce:options={build=appium-build-1WMWW, name=&lt;your test name&gt;}, webStorageEnabled=false, browserName=Chrome, javascriptEnabled=true, remoteAppsCacheLimit=0, systemPort=8208, adbPort=15008, usedCachedDevice=false, appActivity=com.google.android.apps.chrome.Main, chromedriverChromeMappingFile=/root/.testobject_devices/work/chromedriver-mapping.json, pixelRatio=3, deviceScreenDensity=480, appium:deviceName=Android GoogleAPI Emulator, suppressKillServer=true, testobject_user_id=oauth-smruti-22384, testobject_platform_name=Android, statBarHeight=72, viewportRect={top=72, left=0, width=1080, height=2004}, testobject_device_name=Samsung Galaxy S9, testobject_device_session_id=cefa6046-c0cd-4f26-b968-47601028eb29, uiautomator2ServerInstallTimeout=60000, platform=LINUX, deviceUDID=10.102.48.19:16015, jobUuid=4bbf1dcdce224c809001da29b609cbd4, desired={suppressKillServer=true, chromedriverPorts=[[26080, 26090]], testobject_platform_name=Android, adbPort=15008, uiautomator2ServerInstallTimeout=60000, appium:automationName=UiAutomator2, deviceName=Samsung_Galaxy_S9_free, appium:platformVersion=12.0, sauce:options={build=appium-build-1WMWW, name=&lt;your test name&gt;}, chromedriverChromeMappingFile=/root/.testobject_devices/work/chromedriver-mapping.json, appium:deviceOrientation=portrait, browserName=Chrome, chromeOptions={w3c=false}, appium:deviceName=Android GoogleAPI Emulator, platformName=Android, chromedriverExecutableDir=/root/.testobject_devices/work/chromedrivers, remoteAppsCacheLimit=0, appium:app=C:\Users\muska\Downloads\Instagram_276.1.0.26.103_Apkpure.apk, systemPort=8208}, platformVersion=10, appium:deviceOrientation=portrait, takesScreenshot=true, platformName=Android, deviceApiLevel=29, deviceManufacturer=samsung, chromedriverExecutableDir=/root/.testobject_devices/work/chromedrivers, appium:app=C:\Users\muska\Downloads\Instagram_276.1.0.26.103_Apkpure.apk, deviceScreenSize=1080x2220, deviceContextId=a16656ca-21da-430a-9949-018f9d141052, networkConnectionEnabled=true, warnings={}, testobject_device=Samsung_Galaxy_S9_free, databaseEnabled=false, appium:platformVersion=12.0, testobject_test_report_api_url=https://api.eu-central-1.saucelabs.com/v1/rdc/jobs/4bbf1dcdce224c809001da29b609cbd4, locationContextEnabled=false, deviceModel=SM-G960F, chromeOptions={w3c=false}}]
Session ID: 7c2ad7b5-ea9a-421b-bd5b-467bc529261b
*** Element info: {Using=xpath, value=/hierarchy/android.widget.FrameLayout/android.widget.LinearLayout/android.widget.FrameLayout/android.widget.LinearLayout/android.widget.FrameLayout/android.view.ViewGroup/android.widget.FrameLayout/android.widget.FrameLayout/android.widget.FrameLayout/android.widget.FrameLayout[1]/android.view.ViewGroup/android.view.ViewGroup/android.view.ViewGroup/android.view.ViewGroup/android.view.ViewGroup/android.view.ViewGroup[1]/android.view.ViewGroup/android.view.ViewGroup/android.view.ViewGroup/android.widget.EditText}" type="org.openqa.selenium.NoSuchElementException">
      <![CDATA[org.openqa.selenium.NoSuchElementException: no such element: Unable to locate element: {"method":"xpath","selector":"/hierarchy/android.widget.FrameLayout/android.widget.LinearLayout/android.widget.FrameLayout/android.widget.LinearLayout/android.widget.FrameLayout/android.view.ViewGroup/android.widget.FrameLayout/android.widget.FrameLayout/android.widget.FrameLayout/android.widget.FrameLayout[1]/android.view.ViewGroup/android.view.ViewGroup/android.view.ViewGroup/android.view.ViewGroup/android.view.ViewGroup/android.view.ViewGroup[1]/android.view.ViewGroup/android.view.ViewGroup/android.view.ViewGroup/android.widget.EditText"}
  (Session info: chrome=112.0.5615.136)
  (Driver info: chromedriver=112.0.5615.49 (bd2a7bcb881c11e8cfe3078709382934e3916914-refs/branch-heads/5615@{#936}),platform=Linux 4.15.0-136-generic x86_64) (WARNING: The server did not provide any stacktrace information)
Command duration or timeout: 358 milliseconds
For documentation on this error, please visit: http://seleniumhq.org/exceptions/no_such_element.html
Build info: version: '2.53.0', revision: '35ae25b1534ae328c771e0856c93e187490ca824', time: '2016-03-15 10:43:46'
System info: host: 'DESKTOP-H860JCM', ip: '192.168.1.242', os.name: 'Windows 10', os.arch: 'amd64', os.version: '10.0', java.version: '17.0.6'
Driver info: io.appium.java_client.android.AndroidDriver
Capabilities [{appPackage=com.android.chrome, chromedriverPorts=[[26080, 26090]], testobject_test_report_url=https://app.eu-central-1.saucelabs.com/tests/4bbf1dcdce224c809001da29b609cbd4, appium:automationName=UiAutomator2, deviceName=10.102.48.19:16015, sauce:options={build=appium-build-1WMWW, name=<your test name>}, webStorageEnabled=false, browserName=Chrome, javascriptEnabled=true, remoteAppsCacheLimit=0, systemPort=8208, adbPort=15008, usedCachedDevice=false, appActivity=com.google.android.apps.chrome.Main, chromedriverChromeMappingFile=/root/.testobject_devices/work/chromedriver-mapping.json, pixelRatio=3, deviceScreenDensity=480, appium:deviceName=Android GoogleAPI Emulator, suppressKillServer=true, testobject_user_id=oauth-smruti-22384, testobject_platform_name=Android, statBarHeight=72, viewportRect={top=72, left=0, width=1080, height=2004}, testobject_device_name=Samsung Galaxy S9, testobject_device_session_id=cefa6046-c0cd-4f26-b968-47601028eb29, uiautomator2ServerInstallTimeout=60000, platform=LINUX, deviceUDID=10.102.48.19:16015, jobUuid=4bbf1dcdce224c809001da29b609cbd4, desired={suppressKillServer=true, chromedriverPorts=[[26080, 26090]], testobject_platform_name=Android, adbPort=15008, uiautomator2ServerInstallTimeout=60000, appium:automationName=UiAutomator2, deviceName=Samsung_Galaxy_S9_free, appium:platformVersion=12.0, sauce:options={build=appium-build-1WMWW, name=<your test name>}, chromedriverChromeMappingFile=/root/.testobject_devices/work/chromedriver-mapping.json, appium:deviceOrientation=portrait, browserName=Chrome, chromeOptions={w3c=false}, appium:deviceName=Android GoogleAPI Emulator, platformName=Android, chromedriverExecutableDir=/root/.testobject_devices/work/chromedrivers, remoteAppsCacheLimit=0, appium:app=C:\Users\muska\Downloads\Instagram_276.1.0.26.103_Apkpure.apk, systemPort=8208}, platformVersion=10, appium:deviceOrientation=portrait, takesScreenshot=true, platformName=Android, deviceApiLevel=29, deviceManufacturer=samsung, chromedriverExecutableDir=/root/.testobject_devices/work/chromedrivers, appium:app=C:\Users\muska\Downloads\Instagram_276.1.0.26.103_Apkpure.apk, deviceScreenSize=1080x2220, deviceContextId=a16656ca-21da-430a-9949-018f9d141052, networkConnectionEnabled=true, warnings={}, testobject_device=Samsung_Galaxy_S9_free, databaseEnabled=false, appium:platformVersion=12.0, testobject_test_report_api_url=https://api.eu-central-1.saucelabs.com/v1/rdc/jobs/4bbf1dcdce224c809001da29b609cbd4, locationContextEnabled=false, deviceModel=SM-G960F, chromeOptions={w3c=false}}]
Session ID: 7c2ad7b5-ea9a-421b-bd5b-467bc529261b
*** Element info: {Using=xpath, value=/hierarchy/android.widget.FrameLayout/android.widget.LinearLayout/android.widget.FrameLayout/android.widget.LinearLayout/android.widget.FrameLayout/android.view.ViewGroup/android.widget.FrameLayout/android.widget.FrameLayout/android.widget.FrameLayout/android.widget.FrameLayout[1]/android.view.ViewGroup/android.view.ViewGroup/android.view.ViewGroup/android.view.ViewGroup/android.view.ViewGroup/android.view.ViewGroup[1]/android.view.ViewGroup/android.view.ViewGroup/android.view.ViewGroup/android.widget.EditText}
at java.base/jdk.internal.reflect.NativeConstructorAccessorImpl.newInstance0(Native Method)
at java.base/jdk.internal.reflect.NativeConstructorAccessorImpl.newInstance(NativeConstructorAccessorImpl.java:77)
at java.base/jdk.internal.reflect.DelegatingConstructorAccessorImpl.newInstance(DelegatingConstructorAccessorImpl.java:45)
at java.base/java.lang.reflect.Constructor.newInstanceWithCaller(Constructor.java:499)
at java.base/java.lang.reflect.Constructor.newInstance(Constructor.java:480)
at org.openqa.selenium.remote.ErrorHandler.createThrowable(ErrorHandler.java:206)
at org.openqa.selenium.remote.ErrorHandler.throwIfResponseFailed(ErrorHandler.java:158)
at org.openqa.selenium.remote.RemoteWebDriver.execute(RemoteWebDriver.java:678)
at io.appium.java_client.DefaultGenericMobileDriver.execute(DefaultGenericMobileDriver.java:43)
at io.appium.java_client.AppiumDriver.execute(AppiumDriver.java:1)
at io.appium.java_client.android.AndroidDriver.execute(AndroidDriver.java:1)
at org.openqa.selenium.remote.RemoteWebDriver.findElement(RemoteWebDriver.java:363)
at org.openqa.selenium.remote.RemoteWebDriver.findElementByXPath(RemoteWebDriver.java:500)
at io.appium.java_client.DefaultGenericMobileDriver.findElementByXPath(DefaultGenericMobileDriver.java:129)
at io.appium.java_client.AppiumDriver.findElementByXPath(AppiumDriver.java:1)
at io.appium.java_client.android.AndroidDriver.findElementByXPath(AndroidDriver.java:1)
at org.openqa.selenium.By$ByXPath.findElement(By.java:361)
at org.openqa.selenium.remote.RemoteWebDriver.findElement(RemoteWebDriver.java:355)
at io.appium.java_client.DefaultGenericMobileDriver.findElement(DefaultGenericMobileDriver.java:51)
at io.appium.java_client.AppiumDriver.findElement(AppiumDriver.java:1)
at io.appium.java_client.android.AndroidDriver.findElement(AndroidDriver.java:1)
at SauceLab.SauceLabAutomate.AutomateInBrowserStack(SauceLabAutomate.java:45)
at java.base/jdk.internal.reflect.NativeMethodAccessorImpl.invoke0(Native Method)
at java.base/jdk.internal.reflect.NativeMethodAccessorImpl.invoke(NativeMethodAccessorImpl.java:77)
at java.base/jdk.internal.reflect.DelegatingMethodAccessorImpl.invoke(DelegatingMethodAccessorImpl.java:43)
at java.base/java.lang.reflect.Method.invoke(Method.java:568)
at org.testng.internal.MethodInvocationHelper.invokeMethod(MethodInvocationHelper.java:133)
at org.testng.internal.TestInvoker.invokeMethod(TestInvoker.java:598)
at org.testng.internal.TestInvoker.invokeTestMethod(TestInvoker.java:173)
at org.testng.internal.MethodRunner.runInSequence(MethodRunner.java:46)
at org.testng.internal.TestInvoker$MethodInvocationAgent.invoke(TestInvoker.java:824)
at org.testng.internal.TestInvoker.invokeTestMethods(TestInvoker.java:146)
at org.testng.internal.TestMethodWorker.invokeTestMethods(TestMethodWorker.java:146)
at org.testng.internal.TestMethodWorker.run(TestMethodWorker.java:128)
at java.base/java.util.ArrayList.forEach(ArrayList.java:1511)
at org.testng.TestRunner.privateRun(TestRunner.java:794)
at org.testng.TestRunner.run(TestRunner.java:596)
at org.testng.SuiteRunner.runTest(SuiteRunner.java:377)
at org.testng.SuiteRunner.runSequentially(SuiteRunner.java:371)
at org.testng.SuiteRunner.privateRun(SuiteRunner.java:332)
at org.testng.SuiteRunner.run(SuiteRunner.java:276)
at org.testng.SuiteRunnerWorker.runSuite(SuiteRunnerWorker.java:53)
at org.testng.SuiteRunnerWorker.run(SuiteRunnerWorker.java:96)
at org.testng.TestNG.runSuitesSequentially(TestNG.java:1212)
at org.testng.TestNG.runSuitesLocally(TestNG.java:1134)
at org.testng.TestNG.runSuites(TestNG.java:1063)
at org.testng.TestNG.run(TestNG.java:1031)
at org.testng.remote.AbstractRemoteTestNG.run(AbstractRemoteTestNG.java:115)
at org.testng.remote.RemoteTestNG.initAndRun(RemoteTestNG.java:251)
at org.testng.remote.RemoteTestNG.main(RemoteTestNG.java:77)
]]>
    </error>
  </testcase> <!-- AutomateInBrowserStack -->
  <system-out/>
</testsuite> <!-- SauceLab.SauceLabAutomate -->
