<?xml version="1.0" encoding="UTF-8"?>
<!-- Generated by org.testng.reporters.JUnitReportReporter -->
<testsuite hostname="DESKTOP-H860JCM" failures="0" tests="2" name="OpenInAppIntentsForCrossBrowserTesting.CrossBrowserImplementation2" time="24.189" errors="0" timestamp="2023-04-17T17:26:28 IST" skipped="0">
  <testcase classname="OpenInAppIntentsForCrossBrowserTesting.CrossBrowserImplementation2" name="OpenInAppLink2" time="7.950"/>
  <system-out/>
  <testcase classname="OpenInAppIntentsForCrossBrowserTesting.CrossBrowserImplementation2" name="OpenInAppLink2" time="16.239"/>
  <system-out/>
</testsuite> <!-- OpenInAppIntentsForCrossBrowserTesting.CrossBrowserImplementation2 -->
