<?xml version="1.0" encoding="UTF-8"?>
<!-- Generated by org.testng.reporters.JUnitReportReporter -->
<testsuite hostname="DESKTOP-H860JCM" failures="0" tests="2" name="OpenInAppIntentsForCrossBrowserTesting.CrossBrowserImplementation6" time="19.747" errors="0" timestamp="2023-04-17T17:26:28 IST" skipped="0">
  <testcase classname="OpenInAppIntentsForCrossBrowserTesting.CrossBrowserImplementation6" name="OpenInAppLink6" time="16.032"/>
  <system-out/>
  <testcase classname="OpenInAppIntentsForCrossBrowserTesting.CrossBrowserImplementation6" name="OpenInAppLink6" time="3.715"/>
  <system-out/>
</testsuite> <!-- OpenInAppIntentsForCrossBrowserTesting.CrossBrowserImplementation6 -->
