<?xml version="1.0" encoding="UTF-8"?>
<!-- Generated by org.testng.reporters.JUnitReportReporter -->
<testsuite hostname="DESKTOP-H860JCM" failures="0" tests="1" name="OpenInApp.InstagramDetails" time="17.805" errors="0" timestamp="2023-05-09T16:19:13 IST" skipped="0">
  <testcase classname="OpenInApp.InstagramDetails" name="instagramDetails" time="17.805"/>
  <system-out/>
</testsuite> <!-- OpenInApp.InstagramDetails -->
