<?xml version="1.0" encoding="UTF-8"?>
<!-- Generated by org.testng.reporters.JUnitReportReporter -->
<testsuite hostname="DESKTOP-H860JCM" failures="0" tests="2" name="OpenInAppIntentsForCrossBrowserTesting.CrossBrowserImplementation" time="35.475" errors="0" timestamp="2023-04-17T17:26:28 IST" skipped="0">
  <testcase classname="OpenInAppIntentsForCrossBrowserTesting.CrossBrowserImplementation" name="OpenInAppLink1" time="10.545"/>
  <system-out/>
  <testcase classname="OpenInAppIntentsForCrossBrowserTesting.CrossBrowserImplementation" name="OpenInAppLink1" time="24.930"/>
  <system-out/>
</testsuite> <!-- OpenInAppIntentsForCrossBrowserTesting.CrossBrowserImplementation -->
