<?xml version="1.0" encoding="UTF-8"?>
<!-- Generated by org.testng.reporters.JUnitReportReporter -->
<testsuite hostname="DESKTOP-H860JCM" failures="0" tests="1" name="OpenInApp.InstagramOpeninappLinkProd" time="441.986" errors="0" timestamp="2023-07-18T13:18:13 IST" skipped="0">
  <testcase classname="OpenInApp.InstagramOpeninappLinkProd" name="InstagramValidate" time="441.986"/>
  <system-out/>
</testsuite> <!-- OpenInApp.InstagramOpeninappLinkProd -->
