<?xml version="1.0" encoding="UTF-8"?>
<!-- Generated by org.testng.reporters.JUnitReportReporter -->
<testsuite hostname="DESKTOP-H860JCM" failures="0" tests="2" name="OpenInAppIntentsForCrossBrowserTesting.CrossBrowserImplementation3" time="9.222" errors="0" timestamp="2023-04-17T17:26:28 IST" skipped="0">
  <testcase classname="OpenInAppIntentsForCrossBrowserTesting.CrossBrowserImplementation3" name="OpenInAppLink3" time="5.676"/>
  <system-out/>
  <testcase classname="OpenInAppIntentsForCrossBrowserTesting.CrossBrowserImplementation3" name="OpenInAppLink3" time="3.546"/>
  <system-out/>
</testsuite> <!-- OpenInAppIntentsForCrossBrowserTesting.CrossBrowserImplementation3 -->
