<?xml version="1.0" encoding="UTF-8"?>
<!-- Generated by org.testng.reporters.JUnitReportReporter -->
<testsuite hostname="DESKTOP-H860JCM" failures="0" tests="1" name="OpenInApp.SubDomains" time="124.953" errors="0" timestamp="2023-04-17T20:06:38 IST" skipped="0">
  <testcase classname="OpenInApp.SubDomains" name="LinksToBeTested" time="124.953"/>
  <system-out/>
</testsuite> <!-- OpenInApp.SubDomains -->
